TN:
SF:src/credentials.ts
FN:17,formatError
FN:25,normalizeUsername
FN:32,sanitizeCredentials
FN:46,validateCredentials
FNF:4
FNH:4
FNDA:2,formatError
FNDA:3,normalizeUsername
FNDA:1,sanitizeCredentials
FNDA:5,validateCredentials
DA:18,2
DA:19,1
DA:26,3
DA:33,1
DA:43,2
DA:44,2
DA:47,5
DA:48,4
DA:49,3
DA:50,1
DA:52,2
DA:53,1
DA:55,1
LF:13
LH:13
BRDA:18,0,0,1
BRDA:18,0,1,1
BRDA:47,1,0,1
BRDA:47,1,1,4
BRDA:48,2,0,1
BRDA:48,2,1,3
BRDA:49,3,0,1
BRDA:49,3,1,2
BRDA:52,4,0,1
BRDA:52,4,1,1
BRF:10
BRH:10
end_of_record
TN:
SF:src/index.ts
FNF:0
FNH:0
LF:0
LH:0
BRF:0
BRH:0
end_of_record
TN:
SF:src/oidc/authorization-request.ts
FN:77,randomToken
FN:90,createAuthorizationRequest
FN:142,(anonymous_2)
FNF:3
FNH:3
FNDA:26,randomToken
FNDA:13,createAuthorizationRequest
FNDA:101,(anonymous_2)
DA:30,3
DA:78,26
DA:94,13
DA:95,13
DA:97,13
DA:99,13
DA:110,13
DA:111,1
DA:113,13
DA:114,1
DA:116,13
DA:117,2
DA:124,13
DA:125,2
DA:126,1
DA:128,1
DA:141,12
DA:142,101
DA:147,12
DA:149,13
LF:20
LH:20
BRDA:97,0,0,12
BRDA:97,0,1,1
BRDA:110,1,0,1
BRDA:110,1,1,12
BRDA:113,2,0,1
BRDA:113,2,1,12
BRDA:116,3,0,2
BRDA:116,3,1,11
BRDA:124,4,0,13
BRDA:124,4,1,11
BRDA:125,5,0,1
BRDA:125,5,1,1
BRDA:147,6,0,1
BRDA:147,6,1,11
BRF:14
BRH:14
end_of_record
TN:
SF:src/oidc/discovery.ts
FN:52,constructor
FN:84,wellKnownUrl
FN:91,assertUsable
FN:146,constructor_2
FN:153,load
FN:164,(anonymous_5)
FN:171,(anonymous_6)
FN:189,forget
FNF:8
FNH:8
FNDA:8,constructor
FNDA:19,wellKnownUrl
FNDA:13,assertUsable
FNDA:13,constructor_2
FNDA:20,load
FNDA:16,(anonymous_5)
FNDA:16,(anonymous_6)
FNDA:1,forget
DA:54,8
DA:56,8
DA:57,8
DA:81,3
DA:87,19
DA:88,19
DA:96,13
DA:97,1
DA:100,12
DA:101,12
DA:102,48
DA:105,1
DA:112,11
DA:113,2
DA:119,9
DA:120,8
DA:121,8
DA:122,1
DA:129,8
DA:142,13
DA:144,13
DA:147,13
DA:148,13
DA:149,13
DA:150,13
DA:154,20
DA:155,20
DA:156,2
DA:159,18
DA:160,18
DA:161,2
DA:164,16
DA:165,16
DA:167,16
DA:168,16
DA:172,16
DA:174,16
DA:175,3
DA:178,13
DA:180,13
DA:185,13
DA:190,1
LF:42
LH:42
BRDA:87,0,0,1
BRDA:87,0,1,18
BRDA:96,1,0,1
BRDA:96,1,1,12
BRDA:96,2,0,13
BRDA:96,2,1,12
BRDA:102,3,0,1
BRDA:102,3,1,47
BRDA:102,4,0,48
BRDA:102,4,1,47
BRDA:112,5,0,2
BRDA:112,5,1,9
BRDA:119,6,0,8
BRDA:119,6,1,1
BRDA:121,7,0,1
BRDA:121,7,1,7
BRDA:121,8,0,8
BRDA:121,8,1,8
BRDA:146,9,0,13
BRDA:149,10,0,13
BRDA:149,10,1,12
BRDA:150,11,0,13
BRDA:150,11,1,12
BRDA:155,12,0,2
BRDA:155,12,1,18
BRDA:155,13,0,20
BRDA:155,13,1,3
BRDA:160,14,0,2
BRDA:160,14,1,16
BRDA:174,15,0,3
BRDA:174,15,1,13
BRF:31
BRH:31
end_of_record
TN:
SF:src/oidc/id-token.ts
FN:75,constructor
FN:100,validateIdToken
FNF:2
FNH:2
FNDA:11,constructor
FNDA:16,validateIdToken
DA:72,3
DA:78,11
DA:87,11
DA:88,11
DA:106,16
DA:108,15
DA:109,1
DA:119,14
DA:120,16
DA:121,1
DA:127,13
DA:128,1
DA:134,12
DA:135,12
DA:137,16
DA:138,3
DA:147,9
DA:148,1
DA:157,8
DA:158,2
DA:164,6
DA:165,3
DA:166,1
DA:171,2
DA:172,1
DA:179,4
LF:26
LH:26
BRDA:108,0,0,1
BRDA:108,0,1,14
BRDA:119,1,0,2
BRDA:119,1,1,12
BRDA:120,2,0,1
BRDA:120,2,1,15
BRDA:127,3,0,1
BRDA:127,3,1,12
BRDA:127,4,0,13
BRDA:127,4,1,2
BRDA:135,5,0,12
BRDA:135,5,1,12
BRDA:137,6,0,3
BRDA:137,6,1,13
BRDA:147,7,0,1
BRDA:147,7,1,8
BRDA:157,8,0,2
BRDA:157,8,1,6
BRDA:164,9,0,3
BRDA:164,9,1,3
BRDA:165,10,0,1
BRDA:165,10,1,2
BRDA:171,11,0,1
BRDA:171,11,1,1
BRF:24
BRH:24
end_of_record
TN:
SF:src/oidc/pkce.ts
FN:56,base64UrlEncode
FN:87,asciiBytes
FN:103,createPkcePair
FNF:3
FNH:3
FNDA:42,base64UrlEncode
FNDA:5,asciiBytes
FNDA:5,createPkcePair
DA:36,4
DA:57,42
DA:58,42
DA:60,42
DA:61,422
DA:62,422
DA:63,422
DA:65,422
DA:66,422
DA:67,422
DA:68,421
DA:69,422
DA:70,382
DA:73,42
DA:88,5
DA:89,5
DA:90,215
DA:92,5
DA:104,5
DA:105,5
DA:106,5
DA:108,5
LF:22
LH:22
BRDA:62,0,0,421
BRDA:62,0,1,1
BRDA:63,1,0,382
BRDA:63,1,1,40
BRDA:66,2,0,422
BRDA:66,2,1,1
BRDA:67,3,0,1
BRDA:67,3,1,421
BRDA:68,4,0,421
BRDA:68,4,1,39
BRDA:69,5,0,39
BRDA:69,5,1,383
BRF:12
BRH:12
end_of_record
TN:
SF:src/oidc/ports.ts
FNF:0
FNH:0
LF:0
LH:0
BRF:0
BRH:0
end_of_record
TN:
SF:src/oidc/refresh.ts
FN:46,constructor
FN:59,needsRefresh
FN:78,constructor_2
FN:85,needsRefresh_2
FN:95,refresh
FN:110,(anonymous_5)
FN:125,ensureFresh
FNF:7
FNH:7
FNDA:1,constructor
FNDA:9,needsRefresh
FNDA:8,constructor_2
FNDA:4,needsRefresh_2
FNDA:11,refresh
FNDA:7,(anonymous_5)
FNDA:2,ensureFresh
DA:43,3
DA:47,1
DA:48,1
DA:64,9
DA:79,8
DA:80,8
DA:81,8
DA:86,4
DA:96,11
DA:97,3
DA:100,8
DA:103,1
DA:110,7
DA:114,7
DA:117,7
DA:118,7
DA:126,2
LF:17
LH:17
BRDA:62,0,0,9
BRDA:78,1,0,8
BRDA:81,2,0,8
BRDA:81,2,1,7
BRDA:96,3,0,3
BRDA:96,3,1,8
BRDA:100,4,0,1
BRDA:100,4,1,7
BRDA:126,5,0,1
BRDA:126,5,1,1
BRF:10
BRH:10
end_of_record
TN:
SF:src/oidc/session.ts
FN:59,constructor
FN:79,transition
FN:150,tokensOf
FNF:3
FNH:3
FNDA:6,constructor
FNDA:17,transition
FNDA:4,tokensOf
DA:60,6
DA:61,6
DA:63,6
DA:64,6
DA:84,17
DA:85,2
DA:88,15
DA:90,3
DA:91,1
DA:98,2
DA:101,3
DA:102,1
DA:107,2
DA:108,1
DA:110,1
DA:113,4
DA:114,2
DA:116,2
DA:117,1
DA:119,1
DA:122,3
DA:123,1
DA:125,2
DA:126,1
DA:128,1
DA:135,2
DA:136,1
DA:143,1
DA:146,6
DA:151,4
LF:30
LH:30
BRDA:84,0,0,2
BRDA:84,0,1,15
BRDA:88,1,0,3
BRDA:88,1,1,3
BRDA:88,1,2,4
BRDA:88,1,3,3
BRDA:88,1,4,2
BRDA:90,2,0,1
BRDA:90,2,1,2
BRDA:101,3,0,1
BRDA:101,3,1,2
BRDA:107,4,0,1
BRDA:107,4,1,1
BRDA:113,5,0,2
BRDA:113,5,1,2
BRDA:116,6,0,1
BRDA:116,6,1,1
BRDA:122,7,0,1
BRDA:122,7,1,2
BRDA:125,8,0,1
BRDA:125,8,1,1
BRDA:135,9,0,1
BRDA:135,9,1,1
BRDA:151,10,0,1
BRDA:151,10,1,3
BRDA:151,11,0,4
BRDA:151,11,1,4
BRF:27
BRH:27
end_of_record
